<?xml version="1.0" encoding="UTF-8"?>
<testsuite xmlns:xsi="http://www.w3.org/2001/XMLSchema-instance" xsi:noNamespaceSchemaLocation="https://maven.apache.org/surefire/maven-surefire-plugin/xsd/surefire-test-report-3.0.xsd" version="3.0" name="com.example.demo.MathOperationsTest" time="0.046" tests="4" errors="0" skipped="0" failures="0">
  <properties>
[...]
</properties>
  <testcase name="testFaultyAddition" classname="com.example.demo.MathOperationsTest" time="0.024"/>
  <testcase name="testCorrectMultiplication" classname="com.example.demo.MathOperationsTest" time="0.0"/>
  <testcase name="testFaultyMultiplication" classname="com.example.demo.MathOperationsTest" time="0.0"/>
  <testcase name="testCorrectAddition" classname="com.example.demo.MathOperationsTest" time="0.001"/>
</testsuite>